

Microchip MPLAB XC8 Assembler V2.32 build 20210201212658 
                                                                                               Fri Oct 20 00:09:15 2023

Microchip MPLAB XC8 C Compiler v2.32 (Free license) build 20210201212658 Og1 
     1                           	processor	10F322
     2                           	pagewidth 120
     3                           	opt	flic
     4                           	psect	cinit,global,class=CODE,merge=1,delta=2
     5                           	psect	cstackCOMMON,global,class=COMMON,space=1,delta=1,noexec
     6                           	psect	cstackBANK0,global,class=BANK0,space=1,delta=1,noexec
     7                           	psect	maintext,global,class=CODE,split=1,delta=2
     8                           	dabs	1,0x7E,2
     9  0000                     
    10                           ; Version 2.40
    11                           ; Generated 06/12/2021 GMT
    12                           ; 
    13                           ; Copyright © 2021, Microchip Technology Inc. and its subsidiaries ("Microchip")
    14                           ; All rights reserved.
    15                           ; 
    16                           ; This software is developed by Microchip Technology Inc. and its subsidiaries ("Microch
      +                          ip").
    17                           ; 
    18                           ; Redistribution and use in source and binary forms, with or without modification, are
    19                           ; permitted provided that the following conditions are met:
    20                           ; 
    21                           ;     1. Redistributions of source code must retain the above copyright notice, this lis
      +                          t of
    22                           ;        conditions and the following disclaimer.
    23                           ; 
    24                           ;     2. Redistributions in binary form must reproduce the above copyright notice, this 
      +                          list
    25                           ;        of conditions and the following disclaimer in the documentation and/or other
    26                           ;        materials provided with the distribution. Publication is not required when
    27                           ;        this file is used in an embedded application.
    28                           ; 
    29                           ;     3. Microchip's name may not be used to endorse or promote products derived from th
      +                          is
    30                           ;        software without specific prior written permission.
    31                           ; 
    32                           ; THIS SOFTWARE IS PROVIDED BY MICROCHIP "AS IS" AND ANY EXPRESS OR IMPLIED WARRANTIES,
    33                           ; INCLUDING, BUT NOT LIMITED TO, THE IMPLIED WARRANTIES OF MERCHANTABILITY AND FITNESS F
      +                          OR
    34                           ; PURPOSE ARE DISCLAIMED.  IN NO EVENT SHALL MICROCHIP BE LIABLE FOR ANY DIRECT, INDIREC
      +                          T,
    35                           ; INCIDENTAL, SPECIAL, EXEMPLARY, OR CONSEQUENTIAL DAMAGES (INCLUDING BUT NOT LIMITED TO
    36                           ; PROCUREMENT OF SUBSTITUTE GOODS OR SERVICES; LOSS OF USE, DATA OR PROFITS; OR BUSINESS
    37                           ; INTERRUPTION) HOWSOEVER CAUSED AND ON ANY THEORY OF LIABILITY, WHETHER IN CONTRACT, ST
      +                          RICT
    38                           ; LIABILITY, OR TORT (INCLUDING NEGLIGENCE OR OTHERWISE) ARISING IN ANY WAY OUT OF THE U
      +                          SE OF
    39                           ; THIS SOFTWARE, EVEN IF ADVISED OF THE POSSIBILITY OF SUCH DAMAGE.
    40                           ; 
    41                           ; 
    42                           ; Code-generator required, PIC10F322 Definitions
    43                           ; 
    44                           ; SFR Addresses
    45  0000                     	;# 
    46  0001                     	;# 
    47  0002                     	;# 
    48  0003                     	;# 
    49  0004                     	;# 
    50  0005                     	;# 
    51  0006                     	;# 
    52  0007                     	;# 
    53  0008                     	;# 
    54  0009                     	;# 
    55  000A                     	;# 
    56  000B                     	;# 
    57  000C                     	;# 
    58  000D                     	;# 
    59  000E                     	;# 
    60  000F                     	;# 
    61  0010                     	;# 
    62  0011                     	;# 
    63  0012                     	;# 
    64  0013                     	;# 
    65  0014                     	;# 
    66  0015                     	;# 
    67  0016                     	;# 
    68  0016                     	;# 
    69  0017                     	;# 
    70  0018                     	;# 
    71  0019                     	;# 
    72  0019                     	;# 
    73  001A                     	;# 
    74  001B                     	;# 
    75  001C                     	;# 
    76  001D                     	;# 
    77  001E                     	;# 
    78  001F                     	;# 
    79  0020                     	;# 
    80  0020                     	;# 
    81  0021                     	;# 
    82  0022                     	;# 
    83  0022                     	;# 
    84  0023                     	;# 
    85  0024                     	;# 
    86  0025                     	;# 
    87  0026                     	;# 
    88  0027                     	;# 
    89  0027                     	;# 
    90  0028                     	;# 
    91  0029                     	;# 
    92  002A                     	;# 
    93  002A                     	;# 
    94  002B                     	;# 
    95  002C                     	;# 
    96  002D                     	;# 
    97  002E                     	;# 
    98  0030                     	;# 
    99  0031                     	;# 
   100  0032                     	;# 
   101  0033                     	;# 
   102  0034                     	;# 
   103  0035                     	;# 
   104  0036                     	;# 
   105  0037                     	;# 
   106  0038                     	;# 
   107  0039                     	;# 
   108  003A                     	;# 
   109  003B                     	;# 
   110  003C                     	;# 
   111  003D                     	;# 
   112  003E                     	;# 
   113  003F                     	;# 
   114                           
   115                           	psect	cinit
   116  01FE                     start_initialization:	
   117                           ; #config settings
   118                           
   119  01FE                     __initialization:
   120  01FE                     end_of_initialization:	
   121                           ;End of C runtime variable initialization code
   122                           
   123  01FE                     __end_of__initialization:
   124  01FE  0183               	clrf	3
   125  01FF  29FD               	ljmp	_main	;jump to C main() function
   126                           
   127                           	psect	cstackCOMMON
   128  0000                     __pcstackCOMMON:
   129  0000                     ??_main:
   130                           
   131                           	psect	cstackBANK0
   132  0000                     __pcstackBANK0:	
   133                           ; 1 bytes @ 0x0
   134                           
   135  0000                     ?_main:
   136                           
   137                           	psect	maintext
   138  01FD                     __pmaintext:	
   139                           ; 1 bytes @ 0x0
   140 ;;
   141 ;;Main: autosize = 0, tempsize = 0, incstack = 0, save=0
   142 ;;
   143 ;; *************** function _main *****************
   144 ;; Defined at:
   145 ;;		line 11 in file "main.c"
   146 ;; Parameters:    Size  Location     Type
   147 ;;		None
   148 ;; Auto vars:     Size  Location     Type
   149 ;;		None
   150 ;; Return value:  Size  Location     Type
   151 ;;                  1    wreg      void 
   152 ;; Registers used:
   153 ;;		None
   154 ;; Tracked objects:
   155 ;;		On entry : B00/0
   156 ;;		On exit  : 0/0
   157 ;;		Unchanged: 0/0
   158 ;; Data sizes:     COMMON   BANK0
   159 ;;      Params:         0       0
   160 ;;      Locals:         0       0
   161 ;;      Temps:          0       0
   162 ;;      Totals:         0       0
   163 ;;Total ram usage:        0 bytes
   164 ;; This function calls:
   165 ;;		Nothing
   166 ;; This function is called by:
   167 ;;		Startup code after reset
   168 ;; This function uses a non-reentrant model
   169 ;;
   170                           
   171                           
   172                           ;psect for function _main
   173  01FD                     _main:
   174  01FD                     l517:	
   175                           ;incstack = 0
   176                           ; Regs used in _main: []
   177                           
   178  01FD                     l5:	
   179                           ;main.c: 12:     return;
   180                           
   181  01FD  2800               	ljmp	start
   182  01FE                     __end_of_main:
   183  007E                     btemp	set	126	;btemp
   184  007E                     wtemp0	set	126

Data Sizes:
    Strings     0
    Constant    0
    Data        0
    BSS         0
    Persistent  0
    Stack       0

Auto Spaces:
    Space          Size  Autos    Used
    COMMON            0      0       0
    BANK0            62      0       0

Pointer List with Targets:

    None.

Critical Paths under _main in COMMON

    None.

Critical Paths under _main in BANK0

    None.

Call Graph Tables:

 ---------------------------------------------------------------------------------
 (Depth) Function   	        Calls       Base Space   Used Autos Params    Refs
 ---------------------------------------------------------------------------------
 (0) _main                                                 0     0      0       0
 ---------------------------------------------------------------------------------
 Estimated maximum stack depth 0
 ---------------------------------------------------------------------------------

 Call Graph Graphs:

 _main (ROOT)

 Address spaces:
Name               Size   Autos  Total    Cost      Usage
BITCOMMON            0      0       0       0        0.0%
NULL                 0      0       0       0        0.0%
CODE                 0      0       0       0        0.0%
BITSFR0              0      0       0       1        0.0%
SFR0                 0      0       0       1        0.0%
COMMON               0      0       0       1        0.0%
STACK                0      0       0       2        0.0%
BANK0               3E      0       0       3        0.0%
ABS                  0      0       0       4        0.0%
DATA                 0      0       0       5        0.0%
BITBANK0            3E      0       0       6        0.0%


Microchip Technology PIC Macro Assembler V2.32 build 20210201212658 
Symbol Table                                                                                   Fri Oct 20 00:09:15 2023

                      l5 01FD                      l517 01FD                     _main 01FD  
                   btemp 007E                     start 0000                    ?_main 0000  
                  status 0003                    wtemp0 007E          __initialization 01FE  
           __end_of_main 01FE                   ??_main 0000  __end_of__initialization 01FE  
         __pcstackCOMMON 0000               __pmaintext 01FD     end_of_initialization 01FE  
    start_initialization 01FE                ___latbits 0000            __pcstackBANK0 0000  
          __size_of_main 0001  
